CRITICAL - 2023-11-01 02:34:59 --> The framework needs the following extension(s) installed and loaded: intl.
in SYSTEMPATH\CodeIgniter.php on line 252.
 1 SYSTEMPATH\CodeIgniter.php(252): CodeIgniter\Exceptions\FrameworkException::forMissingExtension('intl')
 2 SYSTEMPATH\CodeIgniter.php(214): CodeIgniter\CodeIgniter->resolvePlatformExtensions()
 3 FCPATH\index.php(67): CodeIgniter\CodeIgniter->initialize()
CRITICAL - 2023-11-01 02:35:04 --> The framework needs the following extension(s) installed and loaded: intl.
in SYSTEMPATH\CodeIgniter.php on line 252.
 1 SYSTEMPATH\CodeIgniter.php(252): CodeIgniter\Exceptions\FrameworkException::forMissingExtension('intl')
 2 SYSTEMPATH\CodeIgniter.php(214): CodeIgniter\CodeIgniter->resolvePlatformExtensions()
 3 FCPATH\index.php(67): CodeIgniter\CodeIgniter->initialize()
CRITICAL - 2023-11-01 02:38:20 --> The framework needs the following extension(s) installed and loaded: intl.
in SYSTEMPATH\CodeIgniter.php on line 252.
 1 SYSTEMPATH\CodeIgniter.php(252): CodeIgniter\Exceptions\FrameworkException::forMissingExtension('intl')
 2 SYSTEMPATH\CodeIgniter.php(214): CodeIgniter\CodeIgniter->resolvePlatformExtensions()
 3 FCPATH\index.php(67): CodeIgniter\CodeIgniter->initialize()
CRITICAL - 2023-11-01 02:38:20 --> The framework needs the following extension(s) installed and loaded: intl.
in SYSTEMPATH\CodeIgniter.php on line 252.
 1 SYSTEMPATH\CodeIgniter.php(252): CodeIgniter\Exceptions\FrameworkException::forMissingExtension('intl')
 2 SYSTEMPATH\CodeIgniter.php(214): CodeIgniter\CodeIgniter->resolvePlatformExtensions()
 3 FCPATH\index.php(67): CodeIgniter\CodeIgniter->initialize()
CRITICAL - 2023-11-01 02:38:21 --> The framework needs the following extension(s) installed and loaded: intl.
in SYSTEMPATH\CodeIgniter.php on line 252.
 1 SYSTEMPATH\CodeIgniter.php(252): CodeIgniter\Exceptions\FrameworkException::forMissingExtension('intl')
 2 SYSTEMPATH\CodeIgniter.php(214): CodeIgniter\CodeIgniter->resolvePlatformExtensions()
 3 FCPATH\index.php(67): CodeIgniter\CodeIgniter->initialize()
CRITICAL - 2023-11-01 02:38:21 --> The framework needs the following extension(s) installed and loaded: intl.
in SYSTEMPATH\CodeIgniter.php on line 252.
 1 SYSTEMPATH\CodeIgniter.php(252): CodeIgniter\Exceptions\FrameworkException::forMissingExtension('intl')
 2 SYSTEMPATH\CodeIgniter.php(214): CodeIgniter\CodeIgniter->resolvePlatformExtensions()
 3 FCPATH\index.php(67): CodeIgniter\CodeIgniter->initialize()
CRITICAL - 2023-11-01 02:38:22 --> The framework needs the following extension(s) installed and loaded: intl.
in SYSTEMPATH\CodeIgniter.php on line 252.
 1 SYSTEMPATH\CodeIgniter.php(252): CodeIgniter\Exceptions\FrameworkException::forMissingExtension('intl')
 2 SYSTEMPATH\CodeIgniter.php(214): CodeIgniter\CodeIgniter->resolvePlatformExtensions()
 3 FCPATH\index.php(67): CodeIgniter\CodeIgniter->initialize()
CRITICAL - 2023-11-01 02:43:17 --> Class "Locale" not found
in SYSTEMPATH\CodeIgniter.php on line 218.
 1 FCPATH\index.php(67): CodeIgniter\CodeIgniter->initialize()
CRITICAL - 2023-11-01 02:43:20 --> Class "Locale" not found
in SYSTEMPATH\CodeIgniter.php on line 218.
 1 FCPATH\index.php(67): CodeIgniter\CodeIgniter->initialize()
CRITICAL - 2023-11-01 02:43:38 --> Class "Locale" not found
in SYSTEMPATH\CodeIgniter.php on line 218.
 1 FCPATH\index.php(67): CodeIgniter\CodeIgniter->initialize()
CRITICAL - 2023-11-01 02:44:55 --> Class "Locale" not found
in SYSTEMPATH\CodeIgniter.php on line 218.
 1 FCPATH\index.php(67): CodeIgniter\CodeIgniter->initialize()
CRITICAL - 2023-11-01 02:44:55 --> Class "Locale" not found
in SYSTEMPATH\CodeIgniter.php on line 218.
 1 FCPATH\index.php(67): CodeIgniter\CodeIgniter->initialize()
CRITICAL - 2023-11-01 02:44:55 --> Class "Locale" not found
in SYSTEMPATH\CodeIgniter.php on line 218.
 1 FCPATH\index.php(67): CodeIgniter\CodeIgniter->initialize()
CRITICAL - 2023-11-01 02:44:55 --> Class "Locale" not found
in SYSTEMPATH\CodeIgniter.php on line 218.
 1 FCPATH\index.php(67): CodeIgniter\CodeIgniter->initialize()
CRITICAL - 2023-11-01 02:45:29 --> Class "Locale" not found
in SYSTEMPATH\CodeIgniter.php on line 218.
 1 FCPATH\index.php(67): CodeIgniter\CodeIgniter->initialize()
CRITICAL - 2023-11-01 02:45:32 --> Class "Locale" not found
in SYSTEMPATH\CodeIgniter.php on line 218.
 1 FCPATH\index.php(67): CodeIgniter\CodeIgniter->initialize()
CRITICAL - 2023-11-01 02:45:32 --> Class "Locale" not found
in SYSTEMPATH\CodeIgniter.php on line 218.
 1 FCPATH\index.php(67): CodeIgniter\CodeIgniter->initialize()
CRITICAL - 2023-11-01 02:45:32 --> Class "Locale" not found
in SYSTEMPATH\CodeIgniter.php on line 218.
 1 FCPATH\index.php(67): CodeIgniter\CodeIgniter->initialize()
CRITICAL - 2023-11-01 02:45:38 --> Class "Locale" not found
in SYSTEMPATH\CodeIgniter.php on line 218.
 1 FCPATH\index.php(67): CodeIgniter\CodeIgniter->initialize()
